# JRE version: Java(TM) SE Runtime Environment (8.0_171-b11) (build 1.8.0_171-b11)
# Java VM: Java HotSpot(TM) 64-Bit Server VM (25.171-b11 mixed mode windows-amd64 compressed oops)
Heap:
 PSYoungGen      total 165376K, used 29824K [0x00000000d5d80000, 0x00000000e2980000, 0x0000000100000000)
  eden space 151552K, 10% used [0x00000000d5d80000,0x00000000d6d241c8,0x00000000df180000)
  from space 13824K, 99% used [0x00000000df180000,0x00000000dfefc0a8,0x00000000dff00000)
  to   space 12288K, 0% used [0x00000000dff00000,0x00000000dff00000,0x00000000e0b00000)
 ParOldGen       total 88576K, used 21469K [0x0000000081800000, 0x0000000086e80000, 0x00000000d5d80000)
  object space 88576K, 24% used [0x0000000081800000,0x0000000082cf77e8,0x0000000086e80000)
 Metaspace       used 51868K, capacity 54166K, committed 54272K, reserved 1095680K
  class space    used 7184K, capacity 7616K, committed 7680K, reserved 1048576K
GC Heap History (10 events):
Event: 1.339 GC heap before
{Heap before GC invocations=7 (full 1):
 PSYoungGen      total 71680K, used 66560K [0x00000000d5d80000, 0x00000000df380000, 0x0000000100000000)
  eden space 66560K, 100% used [0x00000000d5d80000,0x00000000d9e80000,0x00000000d9e80000)
  from space 5120K, 0% used [0x00000000d9e80000,0x00000000d9e80000,0x00000000da380000)
  to   space 10240K, 0% used [0x00000000de980000,0x00000000de980000,0x00000000df380000)
 ParOldGen       total 60416K, used 9235K [0x0000000081800000, 0x0000000085300000, 0x00000000d5d80000)
  object space 60416K, 15% used [0x0000000081800000,0x0000000082104d28,0x0000000085300000)
 Metaspace       used 21955K, capacity 22796K, committed 23168K, reserved 1069056K
  class space    used 2863K, capacity 3075K, committed 3200K, reserved 1048576K
Event: 1.341 GC heap after
Heap after GC invocations=7 (full 1):
 PSYoungGen      total 105984K, used 2813K [0x00000000d5d80000, 0x00000000dec80000, 0x0000000100000000)
  eden space 102912K, 0% used [0x00000000d5d80000,0x00000000d5d80000,0x00000000dc200000)
  from space 3072K, 91% used [0x00000000de980000,0x00000000dec3f7b0,0x00000000dec80000)
  to   space 10240K, 0% used [0x00000000dd880000,0x00000000dd880000,0x00000000de280000)
 ParOldGen       total 60416K, used 9243K [0x0000000081800000, 0x0000000085300000, 0x00000000d5d80000)
  object space 60416K, 15% used [0x0000000081800000,0x0000000082106d28,0x0000000085300000)
 Metaspace       used 21955K, capacity 22796K, committed 23168K, reserved 1069056K
  class space    used 2863K, capacity 3075K, committed 3200K, reserved 1048576K
}
Event: 3.279 GC heap before
{Heap before GC invocations=8 (full 1):
 PSYoungGen      total 105984K, used 105711K [0x00000000d5d80000, 0x00000000dec80000, 0x0000000100000000)
  eden space 102912K, 99% used [0x00000000d5d80000,0x00000000dc1fc680,0x00000000dc200000)
  from space 3072K, 91% used [0x00000000de980000,0x00000000dec3f7b0,0x00000000dec80000)
  to   space 10240K, 0% used [0x00000000dd880000,0x00000000dd880000,0x00000000de280000)
 ParOldGen       total 60416K, used 9243K [0x0000000081800000, 0x0000000085300000, 0x00000000d5d80000)
  object space 60416K, 15% used [0x0000000081800000,0x0000000082106d28,0x0000000085300000)
 Metaspace       used 29355K, capacity 30926K, committed 31104K, reserved 1077248K
  class space    used 3874K, capacity 4158K, committed 4224K, reserved 1048576K
Event: 3.286 GC heap after
Heap after GC invocations=8 (full 1):
 PSYoungGen      total 136192K, used 10219K [0x00000000d5d80000, 0x00000000e0b00000, 0x0000000100000000)
  eden space 125952K, 0% used [0x00000000d5d80000,0x00000000d5d80000,0x00000000dd880000)
  from space 10240K, 99% used [0x00000000dd880000,0x00000000de27af60,0x00000000de280000)
  to   space 12288K, 0% used [0x00000000dff00000,0x00000000dff00000,0x00000000e0b00000)
 ParOldGen       total 60416K, used 10110K [0x0000000081800000, 0x0000000085300000, 0x00000000d5d80000)
  object space 60416K, 16% used [0x0000000081800000,0x00000000821dfbe0,0x0000000085300000)
 Metaspace       used 29355K, capacity 30926K, committed 31104K, reserved 1077248K
  class space    used 3874K, capacity 4158K, committed 4224K, reserved 1048576K
}
Event: 4.891 GC heap before
{Heap before GC invocations=9 (full 1):
 PSYoungGen      total 136192K, used 105237K [0x00000000d5d80000, 0x00000000e0b00000, 0x0000000100000000)
  eden space 125952K, 75% used [0x00000000d5d80000,0x00000000dba4a7a8,0x00000000dd880000)
  from space 10240K, 99% used [0x00000000dd880000,0x00000000de27af60,0x00000000de280000)
  to   space 12288K, 0% used [0x00000000dff00000,0x00000000dff00000,0x00000000e0b00000)
 ParOldGen       total 60416K, used 10110K [0x0000000081800000, 0x0000000085300000, 0x00000000d5d80000)
  object space 60416K, 16% used [0x0000000081800000,0x00000000821dfbe0,0x0000000085300000)
 Metaspace       used 33677K, capacity 35384K, committed 35456K, reserved 1079296K
  class space    used 4368K, capacity 4685K, committed 4736K, reserved 1048576K
Event: 4.901 GC heap after
Heap after GC invocations=9 (full 1):
 PSYoungGen      total 163840K, used 10613K [0x00000000d5d80000, 0x00000000e2980000, 0x0000000100000000)
  eden space 151552K, 0% used [0x00000000d5d80000,0x00000000d5d80000,0x00000000df180000)
  from space 12288K, 86% used [0x00000000dff00000,0x00000000e095d788,0x00000000e0b00000)
  to   space 13824K, 0% used [0x00000000df180000,0x00000000df180000,0x00000000dff00000)
 ParOldGen       total 60416K, used 10118K [0x0000000081800000, 0x0000000085300000, 0x00000000d5d80000)
  object space 60416K, 16% used [0x0000000081800000,0x00000000821e1be0,0x0000000085300000)
 Metaspace       used 33677K, capacity 35384K, committed 35456K, reserved 1079296K
  class space    used 4368K, capacity 4685K, committed 4736K, reserved 1048576K
}
Event: 4.901 GC heap before
{Heap before GC invocations=10 (full 2):
 PSYoungGen      total 163840K, used 10613K [0x00000000d5d80000, 0x00000000e2980000, 0x0000000100000000)
  eden space 151552K, 0% used [0x00000000d5d80000,0x00000000d5d80000,0x00000000df180000)
  from space 12288K, 86% used [0x00000000dff00000,0x00000000e095d788,0x00000000e0b00000)
  to   space 13824K, 0% used [0x00000000df180000,0x00000000df180000,0x00000000dff00000)
 ParOldGen       total 60416K, used 10118K [0x0000000081800000, 0x0000000085300000, 0x00000000d5d80000)
  object space 60416K, 16% used [0x0000000081800000,0x00000000821e1be0,0x0000000085300000)
 Metaspace       used 33677K, capacity 35384K, committed 35456K, reserved 1079296K
  class space    used 4368K, capacity 4685K, committed 4736K, reserved 1048576K
Event: 4.944 GC heap after
Heap after GC invocations=10 (full 2):
 PSYoungGen      total 163840K, used 0K [0x00000000d5d80000, 0x00000000e2980000, 0x0000000100000000)
  eden space 151552K, 0% used [0x00000000d5d80000,0x00000000d5d80000,0x00000000df180000)
  from space 12288K, 0% used [0x00000000dff00000,0x00000000dff00000,0x00000000e0b00000)
  to   space 13824K, 0% used [0x00000000df180000,0x00000000df180000,0x00000000dff00000)
 ParOldGen       total 88576K, used 14509K [0x0000000081800000, 0x0000000086e80000, 0x00000000d5d80000)
  object space 88576K, 16% used [0x0000000081800000,0x000000008262b7a0,0x0000000086e80000)
 Metaspace       used 33677K, capacity 35384K, committed 35456K, reserved 1079296K
  class space    used 4368K, capacity 4685K, committed 4736K, reserved 1048576K
}
Event: 8.000 GC heap before
{Heap before GC invocations=11 (full 2):
 PSYoungGen      total 163840K, used 151552K [0x00000000d5d80000, 0x00000000e2980000, 0x0000000100000000)
  eden space 151552K, 100% used [0x00000000d5d80000,0x00000000df180000,0x00000000df180000)
  from space 12288K, 0% used [0x00000000dff00000,0x00000000dff00000,0x00000000e0b00000)
  to   space 13824K, 0% used [0x00000000df180000,0x00000000df180000,0x00000000dff00000)
 ParOldGen       total 88576K, used 14509K [0x0000000081800000, 0x0000000086e80000, 0x00000000d5d80000)
  object space 88576K, 16% used [0x0000000081800000,0x000000008262b7a0,0x0000000086e80000)
 Metaspace       used 51210K, capacity 53470K, committed 53632K, reserved 1095680K
  class space    used 7081K, capacity 7488K, committed 7552K, reserved 1048576K
Event: 8.017 GC heap after
Heap after GC invocations=11 (full 2):
 PSYoungGen      total 165376K, used 13808K [0x00000000d5d80000, 0x00000000e2980000, 0x0000000100000000)
  eden space 151552K, 0% used [0x00000000d5d80000,0x00000000d5d80000,0x00000000df180000)
  from space 13824K, 99% used [0x00000000df180000,0x00000000dfefc0a8,0x00000000dff00000)
  to   space 12288K, 0% used [0x00000000dff00000,0x00000000dff00000,0x00000000e0b00000)
 ParOldGen       total 88576K, used 21469K [0x0000000081800000, 0x0000000086e80000, 0x00000000d5d80000)
  object space 88576K, 24% used [0x0000000081800000,0x0000000082cf77e8,0x0000000086e80000)
 Metaspace       used 51210K, capacity 53470K, committed 53632K, reserved 1095680K
  class space    used 7081K, capacity 7488K, committed 7552K, reserved 1048576K
}

