# JRE version: Java(TM) SE Runtime Environment (8.0_171-b11) (build 1.8.0_171-b11)
# Java VM: Java HotSpot(TM) 64-Bit Server VM (25.171-b11 mixed mode windows-amd64 compressed oops)
Heap:
 PSYoungGen      total 59904K, used 23800K [0x00000000d5d80000, 0x00000000d9f80000, 0x0000000100000000)
  eden space 53248K, 36% used [0x00000000d5d80000,0x00000000d704e250,0x00000000d9180000)
  from space 6656K, 68% used [0x00000000d9900000,0x00000000d9d6ffe0,0x00000000d9f80000)
  to   space 7168K, 0% used [0x00000000d9180000,0x00000000d9180000,0x00000000d9880000)
 ParOldGen       total 51200K, used 4475K [0x0000000081800000, 0x0000000084a00000, 0x00000000d5d80000)
  object space 51200K, 8% used [0x0000000081800000,0x0000000081c5ed00,0x0000000084a00000)
 Metaspace       used 20287K, capacity 20966K, committed 21120K, reserved 1071104K
  class space    used 2658K, capacity 2835K, committed 2944K, reserved 1048576K
GC Heap History (10 events):
Event: 0.729 GC heap before
{Heap before GC invocations=3 (full 0):
 PSYoungGen      total 38400K, used 36453K [0x00000000d5d80000, 0x00000000d8800000, 0x0000000100000000)
  eden space 33280K, 100% used [0x00000000d5d80000,0x00000000d7e00000,0x00000000d7e00000)
  from space 5120K, 61% used [0x00000000d8300000,0x00000000d8619468,0x00000000d8800000)
  to   space 5120K, 0% used [0x00000000d7e00000,0x00000000d7e00000,0x00000000d8300000)
 ParOldGen       total 87552K, used 46K [0x0000000081800000, 0x0000000086d80000, 0x00000000d5d80000)
  object space 87552K, 0% used [0x0000000081800000,0x000000008180ba78,0x0000000086d80000)
 Metaspace       used 12475K, capacity 12972K, committed 13312K, reserved 1062912K
  class space    used 1572K, capacity 1702K, committed 1792K, reserved 1048576K
Event: 0.733 GC heap after
Heap after GC invocations=3 (full 0):
 PSYoungGen      total 38400K, used 5114K [0x00000000d5d80000, 0x00000000d8800000, 0x0000000100000000)
  eden space 33280K, 0% used [0x00000000d5d80000,0x00000000d5d80000,0x00000000d7e00000)
  from space 5120K, 99% used [0x00000000d7e00000,0x00000000d82febc0,0x00000000d8300000)
  to   space 5120K, 0% used [0x00000000d8300000,0x00000000d8300000,0x00000000d8800000)
 ParOldGen       total 87552K, used 247K [0x0000000081800000, 0x0000000086d80000, 0x00000000d5d80000)
  object space 87552K, 0% used [0x0000000081800000,0x000000008183df40,0x0000000086d80000)
 Metaspace       used 12475K, capacity 12972K, committed 13312K, reserved 1062912K
  class space    used 1572K, capacity 1702K, committed 1792K, reserved 1048576K
}
Event: 0.789 GC heap before
{Heap before GC invocations=4 (full 0):
 PSYoungGen      total 38400K, used 23028K [0x00000000d5d80000, 0x00000000d8800000, 0x0000000100000000)
  eden space 33280K, 53% used [0x00000000d5d80000,0x00000000d6efe4a0,0x00000000d7e00000)
  from space 5120K, 99% used [0x00000000d7e00000,0x00000000d82febc0,0x00000000d8300000)
  to   space 5120K, 0% used [0x00000000d8300000,0x00000000d8300000,0x00000000d8800000)
 ParOldGen       total 87552K, used 247K [0x0000000081800000, 0x0000000086d80000, 0x00000000d5d80000)
  object space 87552K, 0% used [0x0000000081800000,0x000000008183df40,0x0000000086d80000)
 Metaspace       used 13697K, capacity 14144K, committed 14336K, reserved 1077248K
  class space    used 1817K, capacity 1934K, committed 2048K, reserved 1048576K
Event: 0.793 GC heap after
Heap after GC invocations=4 (full 0):
 PSYoungGen      total 38400K, used 4688K [0x00000000d5d80000, 0x00000000d8800000, 0x0000000100000000)
  eden space 33280K, 0% used [0x00000000d5d80000,0x00000000d5d80000,0x00000000d7e00000)
  from space 5120K, 91% used [0x00000000d8300000,0x00000000d87940b0,0x00000000d8800000)
  to   space 5120K, 0% used [0x00000000d7e00000,0x00000000d7e00000,0x00000000d8300000)
 ParOldGen       total 87552K, used 255K [0x0000000081800000, 0x0000000086d80000, 0x00000000d5d80000)
  object space 87552K, 0% used [0x0000000081800000,0x000000008183ff40,0x0000000086d80000)
 Metaspace       used 13697K, capacity 14144K, committed 14336K, reserved 1077248K
  class space    used 1817K, capacity 1934K, committed 2048K, reserved 1048576K
}
Event: 0.793 GC heap before
{Heap before GC invocations=5 (full 1):
 PSYoungGen      total 38400K, used 4688K [0x00000000d5d80000, 0x00000000d8800000, 0x0000000100000000)
  eden space 33280K, 0% used [0x00000000d5d80000,0x00000000d5d80000,0x00000000d7e00000)
  from space 5120K, 91% used [0x00000000d8300000,0x00000000d87940b0,0x00000000d8800000)
  to   space 5120K, 0% used [0x00000000d7e00000,0x00000000d7e00000,0x00000000d8300000)
 ParOldGen       total 87552K, used 255K [0x0000000081800000, 0x0000000086d80000, 0x00000000d5d80000)
  object space 87552K, 0% used [0x0000000081800000,0x000000008183ff40,0x0000000086d80000)
 Metaspace       used 13697K, capacity 14144K, committed 14336K, reserved 1077248K
  class space    used 1817K, capacity 1934K, committed 2048K, reserved 1048576K
Event: 0.808 GC heap after
Heap after GC invocations=5 (full 1):
 PSYoungGen      total 38400K, used 0K [0x00000000d5d80000, 0x00000000d8800000, 0x0000000100000000)
  eden space 33280K, 0% used [0x00000000d5d80000,0x00000000d5d80000,0x00000000d7e00000)
  from space 5120K, 0% used [0x00000000d8300000,0x00000000d8300000,0x00000000d8800000)
  to   space 5120K, 0% used [0x00000000d7e00000,0x00000000d7e00000,0x00000000d8300000)
 ParOldGen       total 51200K, used 4467K [0x0000000081800000, 0x0000000084a00000, 0x00000000d5d80000)
  object space 51200K, 8% used [0x0000000081800000,0x0000000081c5cd00,0x0000000084a00000)
 Metaspace       used 13696K, capacity 14138K, committed 14336K, reserved 1067008K
  class space    used 1817K, capacity 1933K, committed 2048K, reserved 1048576K
}
Event: 0.808 GC heap before
{Heap before GC invocations=6 (full 1):
 PSYoungGen      total 38400K, used 213K [0x00000000d5d80000, 0x00000000d8800000, 0x0000000100000000)
  eden space 33280K, 0% used [0x00000000d5d80000,0x00000000d5db5778,0x00000000d7e00000)
  from space 5120K, 0% used [0x00000000d8300000,0x00000000d8300000,0x00000000d8800000)
  to   space 5120K, 0% used [0x00000000d7e00000,0x00000000d7e00000,0x00000000d8300000)
 ParOldGen       total 51200K, used 4467K [0x0000000081800000, 0x0000000084a00000, 0x00000000d5d80000)
  object space 51200K, 8% used [0x0000000081800000,0x0000000081c5cd00,0x0000000084a00000)
 Metaspace       used 13696K, capacity 14202K, committed 14592K, reserved 1067008K
  class space    used 1817K, capacity 1933K, committed 2048K, reserved 1048576K
Event: 0.809 GC heap after
Heap after GC invocations=6 (full 1):
 PSYoungGen      total 38400K, used 64K [0x00000000d5d80000, 0x00000000d9f80000, 0x0000000100000000)
  eden space 33280K, 0% used [0x00000000d5d80000,0x00000000d5d80000,0x00000000d7e00000)
  from space 5120K, 1% used [0x00000000d7e00000,0x00000000d7e10000,0x00000000d8300000)
  to   space 6656K, 0% used [0x00000000d9900000,0x00000000d9900000,0x00000000d9f80000)
 ParOldGen       total 51200K, used 4467K [0x0000000081800000, 0x0000000084a00000, 0x00000000d5d80000)
  object space 51200K, 8% used [0x0000000081800000,0x0000000081c5cd00,0x0000000084a00000)
 Metaspace       used 13696K, capacity 14202K, committed 14592K, reserved 1067008K
  class space    used 1817K, capacity 1933K, committed 2048K, reserved 1048576K
}
Event: 0.960 GC heap before
{Heap before GC invocations=7 (full 1):
 PSYoungGen      total 38400K, used 33344K [0x00000000d5d80000, 0x00000000d9f80000, 0x0000000100000000)
  eden space 33280K, 100% used [0x00000000d5d80000,0x00000000d7e00000,0x00000000d7e00000)
  from space 5120K, 1% used [0x00000000d7e00000,0x00000000d7e10000,0x00000000d8300000)
  to   space 6656K, 0% used [0x00000000d9900000,0x00000000d9900000,0x00000000d9f80000)
 ParOldGen       total 51200K, used 4467K [0x0000000081800000, 0x0000000084a00000, 0x00000000d5d80000)
  object space 51200K, 8% used [0x0000000081800000,0x0000000081c5cd00,0x0000000084a00000)
 Metaspace       used 17728K, capacity 18348K, committed 18688K, reserved 1069056K
  class space    used 2307K, capacity 2472K, committed 2560K, reserved 1048576K
Event: 0.963 GC heap after
Heap after GC invocations=7 (full 1):
 PSYoungGen      total 59904K, used 4543K [0x00000000d5d80000, 0x00000000d9f80000, 0x0000000100000000)
  eden space 53248K, 0% used [0x00000000d5d80000,0x00000000d5d80000,0x00000000d9180000)
  from space 6656K, 68% used [0x00000000d9900000,0x00000000d9d6ffe0,0x00000000d9f80000)
  to   space 7168K, 0% used [0x00000000d9180000,0x00000000d9180000,0x00000000d9880000)
 ParOldGen       total 51200K, used 4475K [0x0000000081800000, 0x0000000084a00000, 0x00000000d5d80000)
  object space 51200K, 8% used [0x0000000081800000,0x0000000081c5ed00,0x0000000084a00000)
 Metaspace       used 17728K, capacity 18348K, committed 18688K, reserved 1069056K
  class space    used 2307K, capacity 2472K, committed 2560K, reserved 1048576K
}

