# JRE version: Java(TM) SE Runtime Environment (8.0_171-b11) (build 1.8.0_171-b11)
# Java VM: Java HotSpot(TM) 64-Bit Server VM (25.171-b11 mixed mode windows-amd64 compressed oops)
Heap:
 PSYoungGen      total 66560K, used 42250K [0x00000000d5d80000, 0x00000000ddc00000, 0x0000000100000000)
  eden space 61440K, 64% used [0x00000000d5d80000,0x00000000d840e200,0x00000000d9980000)
  from space 5120K, 54% used [0x00000000da380000,0x00000000da634628,0x00000000da880000)
  to   space 10240K, 0% used [0x00000000d9980000,0x00000000d9980000,0x00000000da380000)
 ParOldGen       total 56832K, used 9056K [0x0000000081800000, 0x0000000084f80000, 0x00000000d5d80000)
  object space 56832K, 15% used [0x0000000081800000,0x00000000820d8158,0x0000000084f80000)
 Metaspace       used 24037K, capacity 24986K, committed 25216K, reserved 1071104K
  class space    used 3140K, capacity 3352K, committed 3456K, reserved 1048576K
GC Heap History (10 events):
Event: 1.543 GC heap before
{Heap before GC invocations=3 (full 0):
 PSYoungGen      total 38400K, used 36466K [0x00000000d5d80000, 0x00000000da880000, 0x0000000100000000)
  eden space 33280K, 100% used [0x00000000d5d80000,0x00000000d7e00000,0x00000000d7e00000)
  from space 5120K, 62% used [0x00000000d8300000,0x00000000d861c9e0,0x00000000d8800000)
  to   space 5120K, 0% used [0x00000000d7e00000,0x00000000d7e00000,0x00000000d8300000)
 ParOldGen       total 87552K, used 16K [0x0000000081800000, 0x0000000086d80000, 0x00000000d5d80000)
  object space 87552K, 0% used [0x0000000081800000,0x0000000081804000,0x0000000086d80000)
 Metaspace       used 12574K, capacity 12998K, committed 13312K, reserved 1060864K
  class space    used 1600K, capacity 1733K, committed 1792K, reserved 1048576K
Event: 1.547 GC heap after
Heap after GC invocations=3 (full 0):
 PSYoungGen      total 38400K, used 5096K [0x00000000d5d80000, 0x00000000da880000, 0x0000000100000000)
  eden space 33280K, 0% used [0x00000000d5d80000,0x00000000d5d80000,0x00000000d7e00000)
  from space 5120K, 99% used [0x00000000d7e00000,0x00000000d82fa080,0x00000000d8300000)
  to   space 5120K, 0% used [0x00000000da380000,0x00000000da380000,0x00000000da880000)
 ParOldGen       total 87552K, used 335K [0x0000000081800000, 0x0000000086d80000, 0x00000000d5d80000)
  object space 87552K, 0% used [0x0000000081800000,0x0000000081853c48,0x0000000086d80000)
 Metaspace       used 12574K, capacity 12998K, committed 13312K, reserved 1060864K
  class space    used 1600K, capacity 1733K, committed 1792K, reserved 1048576K
}
Event: 1.694 GC heap before
{Heap before GC invocations=4 (full 0):
 PSYoungGen      total 38400K, used 38376K [0x00000000d5d80000, 0x00000000da880000, 0x0000000100000000)
  eden space 33280K, 100% used [0x00000000d5d80000,0x00000000d7e00000,0x00000000d7e00000)
  from space 5120K, 99% used [0x00000000d7e00000,0x00000000d82fa080,0x00000000d8300000)
  to   space 5120K, 0% used [0x00000000da380000,0x00000000da380000,0x00000000da880000)
 ParOldGen       total 87552K, used 335K [0x0000000081800000, 0x0000000086d80000, 0x00000000d5d80000)
  object space 87552K, 0% used [0x0000000081800000,0x0000000081853c48,0x0000000086d80000)
 Metaspace       used 15233K, capacity 15796K, committed 16128K, reserved 1062912K
  class space    used 2025K, capacity 2180K, committed 2304K, reserved 1048576K
Event: 1.700 GC heap after
Heap after GC invocations=4 (full 0):
 PSYoungGen      total 71680K, used 5105K [0x00000000d5d80000, 0x00000000da880000, 0x0000000100000000)
  eden space 66560K, 0% used [0x00000000d5d80000,0x00000000d5d80000,0x00000000d9e80000)
  from space 5120K, 99% used [0x00000000da380000,0x00000000da87c660,0x00000000da880000)
  to   space 5120K, 0% used [0x00000000d9e80000,0x00000000d9e80000,0x00000000da380000)
 ParOldGen       total 87552K, used 1479K [0x0000000081800000, 0x0000000086d80000, 0x00000000d5d80000)
  object space 87552K, 1% used [0x0000000081800000,0x0000000081971e80,0x0000000086d80000)
 Metaspace       used 15233K, capacity 15796K, committed 16128K, reserved 1062912K
  class space    used 2025K, capacity 2180K, committed 2304K, reserved 1048576K
}
Event: 1.961 GC heap before
{Heap before GC invocations=5 (full 0):
 PSYoungGen      total 71680K, used 43895K [0x00000000d5d80000, 0x00000000da880000, 0x0000000100000000)
  eden space 66560K, 58% used [0x00000000d5d80000,0x00000000d83618a8,0x00000000d9e80000)
  from space 5120K, 99% used [0x00000000da380000,0x00000000da87c660,0x00000000da880000)
  to   space 5120K, 0% used [0x00000000d9e80000,0x00000000d9e80000,0x00000000da380000)
 ParOldGen       total 87552K, used 1479K [0x0000000081800000, 0x0000000086d80000, 0x00000000d5d80000)
  object space 87552K, 1% used [0x0000000081800000,0x0000000081971e80,0x0000000086d80000)
 Metaspace       used 20463K, capacity 21168K, committed 21296K, reserved 1067008K
  class space    used 2677K, capacity 2864K, committed 2944K, reserved 1048576K
Event: 1.970 GC heap after
Heap after GC invocations=5 (full 0):
 PSYoungGen      total 71680K, used 5119K [0x00000000d5d80000, 0x00000000da880000, 0x0000000100000000)
  eden space 66560K, 0% used [0x00000000d5d80000,0x00000000d5d80000,0x00000000d9e80000)
  from space 5120K, 99% used [0x00000000d9e80000,0x00000000da37fe90,0x00000000da380000)
  to   space 5120K, 0% used [0x00000000da380000,0x00000000da380000,0x00000000da880000)
 ParOldGen       total 87552K, used 5740K [0x0000000081800000, 0x0000000086d80000, 0x00000000d5d80000)
  object space 87552K, 6% used [0x0000000081800000,0x0000000081d9b328,0x0000000086d80000)
 Metaspace       used 20463K, capacity 21168K, committed 21296K, reserved 1067008K
  class space    used 2677K, capacity 2864K, committed 2944K, reserved 1048576K
}
Event: 1.970 GC heap before
{Heap before GC invocations=6 (full 1):
 PSYoungGen      total 71680K, used 5119K [0x00000000d5d80000, 0x00000000da880000, 0x0000000100000000)
  eden space 66560K, 0% used [0x00000000d5d80000,0x00000000d5d80000,0x00000000d9e80000)
  from space 5120K, 99% used [0x00000000d9e80000,0x00000000da37fe90,0x00000000da380000)
  to   space 5120K, 0% used [0x00000000da380000,0x00000000da380000,0x00000000da880000)
 ParOldGen       total 87552K, used 5740K [0x0000000081800000, 0x0000000086d80000, 0x00000000d5d80000)
  object space 87552K, 6% used [0x0000000081800000,0x0000000081d9b328,0x0000000086d80000)
 Metaspace       used 20463K, capacity 21168K, committed 21296K, reserved 1067008K
  class space    used 2677K, capacity 2864K, committed 2944K, reserved 1048576K
Event: 1.994 GC heap after
Heap after GC invocations=6 (full 1):
 PSYoungGen      total 71680K, used 0K [0x00000000d5d80000, 0x00000000da880000, 0x0000000100000000)
  eden space 66560K, 0% used [0x00000000d5d80000,0x00000000d5d80000,0x00000000d9e80000)
  from space 5120K, 0% used [0x00000000d9e80000,0x00000000d9e80000,0x00000000da380000)
  to   space 5120K, 0% used [0x00000000da380000,0x00000000da380000,0x00000000da880000)
 ParOldGen       total 56832K, used 9048K [0x0000000081800000, 0x0000000084f80000, 0x00000000d5d80000)
  object space 56832K, 15% used [0x0000000081800000,0x00000000820d6158,0x0000000084f80000)
 Metaspace       used 20460K, capacity 21156K, committed 21296K, reserved 1067008K
  class space    used 2676K, capacity 2862K, committed 2944K, reserved 1048576K
}
Event: 2.398 GC heap before
{Heap before GC invocations=7 (full 1):
 PSYoungGen      total 71680K, used 66560K [0x00000000d5d80000, 0x00000000da880000, 0x0000000100000000)
  eden space 66560K, 100% used [0x00000000d5d80000,0x00000000d9e80000,0x00000000d9e80000)
  from space 5120K, 0% used [0x00000000d9e80000,0x00000000d9e80000,0x00000000da380000)
  to   space 5120K, 0% used [0x00000000da380000,0x00000000da380000,0x00000000da880000)
 ParOldGen       total 56832K, used 9048K [0x0000000081800000, 0x0000000084f80000, 0x00000000d5d80000)
  object space 56832K, 15% used [0x0000000081800000,0x00000000820d6158,0x0000000084f80000)
 Metaspace       used 21980K, capacity 22800K, committed 23168K, reserved 1069056K
  class space    used 2864K, capacity 3075K, committed 3200K, reserved 1048576K
Event: 2.401 GC heap after
Heap after GC invocations=7 (full 1):
 PSYoungGen      total 66560K, used 2769K [0x00000000d5d80000, 0x00000000ddc00000, 0x0000000100000000)
  eden space 61440K, 0% used [0x00000000d5d80000,0x00000000d5d80000,0x00000000d9980000)
  from space 5120K, 54% used [0x00000000da380000,0x00000000da634628,0x00000000da880000)
  to   space 10240K, 0% used [0x00000000d9980000,0x00000000d9980000,0x00000000da380000)
 ParOldGen       total 56832K, used 9056K [0x0000000081800000, 0x0000000084f80000, 0x00000000d5d80000)
  object space 56832K, 15% used [0x0000000081800000,0x00000000820d8158,0x0000000084f80000)
 Metaspace       used 21980K, capacity 22800K, committed 23168K, reserved 1069056K
  class space    used 2864K, capacity 3075K, committed 3200K, reserved 1048576K
}

