# JRE version: Java(TM) SE Runtime Environment (8.0_171-b11) (build 1.8.0_171-b11)
# Java VM: Java HotSpot(TM) 64-Bit Server VM (25.171-b11 mixed mode windows-amd64 compressed oops)
Heap:
 PSYoungGen      total 67072K, used 7316K [0x00000000d5d80000, 0x00000000dd300000, 0x0000000100000000)
  eden space 61952K, 6% used [0x00000000d5d80000,0x00000000d61b84b0,0x00000000d9a00000)
  from space 5120K, 58% used [0x00000000da380000,0x00000000da66cd80,0x00000000da880000)
  to   space 9728K, 0% used [0x00000000d9a00000,0x00000000d9a00000,0x00000000da380000)
 ParOldGen       total 60928K, used 8838K [0x0000000081800000, 0x0000000085380000, 0x00000000d5d80000)
  object space 60928K, 14% used [0x0000000081800000,0x00000000820a1878,0x0000000085380000)
 Metaspace       used 22037K, capacity 22864K, committed 23168K, reserved 1069056K
  class space    used 2867K, capacity 3075K, committed 3200K, reserved 1048576K
GC Heap History (10 events):
Event: 0.800 GC heap before
{Heap before GC invocations=3 (full 0):
 PSYoungGen      total 38400K, used 36421K [0x00000000d5d80000, 0x00000000da880000, 0x0000000100000000)
  eden space 33280K, 100% used [0x00000000d5d80000,0x00000000d7e00000,0x00000000d7e00000)
  from space 5120K, 61% used [0x00000000d8300000,0x00000000d8611468,0x00000000d8800000)
  to   space 5120K, 0% used [0x00000000d7e00000,0x00000000d7e00000,0x00000000d8300000)
 ParOldGen       total 87552K, used 24K [0x0000000081800000, 0x0000000086d80000, 0x00000000d5d80000)
  object space 87552K, 0% used [0x0000000081800000,0x0000000081806000,0x0000000086d80000)
 Metaspace       used 12527K, capacity 12972K, committed 13312K, reserved 1060864K
  class space    used 1578K, capacity 1702K, committed 1792K, reserved 1048576K
Event: 0.804 GC heap after
Heap after GC invocations=3 (full 0):
 PSYoungGen      total 38400K, used 5093K [0x00000000d5d80000, 0x00000000da880000, 0x0000000100000000)
  eden space 33280K, 0% used [0x00000000d5d80000,0x00000000d5d80000,0x00000000d7e00000)
  from space 5120K, 99% used [0x00000000d7e00000,0x00000000d82f9708,0x00000000d8300000)
  to   space 5120K, 0% used [0x00000000da380000,0x00000000da380000,0x00000000da880000)
 ParOldGen       total 87552K, used 295K [0x0000000081800000, 0x0000000086d80000, 0x00000000d5d80000)
  object space 87552K, 0% used [0x0000000081800000,0x0000000081849c50,0x0000000086d80000)
 Metaspace       used 12527K, capacity 12972K, committed 13312K, reserved 1060864K
  class space    used 1578K, capacity 1702K, committed 1792K, reserved 1048576K
}
Event: 0.926 GC heap before
{Heap before GC invocations=4 (full 0):
 PSYoungGen      total 38400K, used 38373K [0x00000000d5d80000, 0x00000000da880000, 0x0000000100000000)
  eden space 33280K, 100% used [0x00000000d5d80000,0x00000000d7e00000,0x00000000d7e00000)
  from space 5120K, 99% used [0x00000000d7e00000,0x00000000d82f9708,0x00000000d8300000)
  to   space 5120K, 0% used [0x00000000da380000,0x00000000da380000,0x00000000da880000)
 ParOldGen       total 87552K, used 295K [0x0000000081800000, 0x0000000086d80000, 0x00000000d5d80000)
  object space 87552K, 0% used [0x0000000081800000,0x0000000081849c50,0x0000000086d80000)
 Metaspace       used 15181K, capacity 15794K, committed 16128K, reserved 1062912K
  class space    used 2009K, capacity 2181K, committed 2304K, reserved 1048576K
Event: 0.931 GC heap after
Heap after GC invocations=4 (full 0):
 PSYoungGen      total 71680K, used 5107K [0x00000000d5d80000, 0x00000000da880000, 0x0000000100000000)
  eden space 66560K, 0% used [0x00000000d5d80000,0x00000000d5d80000,0x00000000d9e80000)
  from space 5120K, 99% used [0x00000000da380000,0x00000000da87cd18,0x00000000da880000)
  to   space 5120K, 0% used [0x00000000d9e80000,0x00000000d9e80000,0x00000000da380000)
 ParOldGen       total 87552K, used 1466K [0x0000000081800000, 0x0000000086d80000, 0x00000000d5d80000)
  object space 87552K, 1% used [0x0000000081800000,0x000000008196e898,0x0000000086d80000)
 Metaspace       used 15181K, capacity 15794K, committed 16128K, reserved 1062912K
  class space    used 2009K, capacity 2181K, committed 2304K, reserved 1048576K
}
Event: 1.195 GC heap before
{Heap before GC invocations=5 (full 0):
 PSYoungGen      total 71680K, used 43718K [0x00000000d5d80000, 0x00000000da880000, 0x0000000100000000)
  eden space 66560K, 58% used [0x00000000d5d80000,0x00000000d8334be0,0x00000000d9e80000)
  from space 5120K, 99% used [0x00000000da380000,0x00000000da87cd18,0x00000000da880000)
  to   space 5120K, 0% used [0x00000000d9e80000,0x00000000d9e80000,0x00000000da380000)
 ParOldGen       total 87552K, used 1466K [0x0000000081800000, 0x0000000086d80000, 0x00000000d5d80000)
  object space 87552K, 1% used [0x0000000081800000,0x000000008196e898,0x0000000086d80000)
 Metaspace       used 20484K, capacity 21228K, committed 21296K, reserved 1067008K
  class space    used 2688K, capacity 2876K, committed 2944K, reserved 1048576K
Event: 1.217 GC heap after
Heap after GC invocations=5 (full 0):
 PSYoungGen      total 71680K, used 5088K [0x00000000d5d80000, 0x00000000da880000, 0x0000000100000000)
  eden space 66560K, 0% used [0x00000000d5d80000,0x00000000d5d80000,0x00000000d9e80000)
  from space 5120K, 99% used [0x00000000d9e80000,0x00000000da378020,0x00000000da380000)
  to   space 5120K, 0% used [0x00000000da380000,0x00000000da380000,0x00000000da880000)
 ParOldGen       total 87552K, used 5565K [0x0000000081800000, 0x0000000086d80000, 0x00000000d5d80000)
  object space 87552K, 6% used [0x0000000081800000,0x0000000081d6f6c8,0x0000000086d80000)
 Metaspace       used 20484K, capacity 21228K, committed 21296K, reserved 1067008K
  class space    used 2688K, capacity 2876K, committed 2944K, reserved 1048576K
}
Event: 1.217 GC heap before
{Heap before GC invocations=6 (full 1):
 PSYoungGen      total 71680K, used 5088K [0x00000000d5d80000, 0x00000000da880000, 0x0000000100000000)
  eden space 66560K, 0% used [0x00000000d5d80000,0x00000000d5d80000,0x00000000d9e80000)
  from space 5120K, 99% used [0x00000000d9e80000,0x00000000da378020,0x00000000da380000)
  to   space 5120K, 0% used [0x00000000da380000,0x00000000da380000,0x00000000da880000)
 ParOldGen       total 87552K, used 5565K [0x0000000081800000, 0x0000000086d80000, 0x00000000d5d80000)
  object space 87552K, 6% used [0x0000000081800000,0x0000000081d6f6c8,0x0000000086d80000)
 Metaspace       used 20484K, capacity 21228K, committed 21296K, reserved 1067008K
  class space    used 2688K, capacity 2876K, committed 2944K, reserved 1048576K
Event: 1.254 GC heap after
Heap after GC invocations=6 (full 1):
 PSYoungGen      total 71680K, used 0K [0x00000000d5d80000, 0x00000000da880000, 0x0000000100000000)
  eden space 66560K, 0% used [0x00000000d5d80000,0x00000000d5d80000,0x00000000d9e80000)
  from space 5120K, 0% used [0x00000000d9e80000,0x00000000d9e80000,0x00000000da380000)
  to   space 5120K, 0% used [0x00000000da380000,0x00000000da380000,0x00000000da880000)
 ParOldGen       total 60928K, used 8830K [0x0000000081800000, 0x0000000085380000, 0x00000000d5d80000)
  object space 60928K, 14% used [0x0000000081800000,0x000000008209f878,0x0000000085380000)
 Metaspace       used 20482K, capacity 21222K, committed 21296K, reserved 1067008K
  class space    used 2688K, capacity 2875K, committed 2944K, reserved 1048576K
}
Event: 1.477 GC heap before
{Heap before GC invocations=7 (full 1):
 PSYoungGen      total 71680K, used 66560K [0x00000000d5d80000, 0x00000000da880000, 0x0000000100000000)
  eden space 66560K, 100% used [0x00000000d5d80000,0x00000000d9e80000,0x00000000d9e80000)
  from space 5120K, 0% used [0x00000000d9e80000,0x00000000d9e80000,0x00000000da380000)
  to   space 5120K, 0% used [0x00000000da380000,0x00000000da380000,0x00000000da880000)
 ParOldGen       total 60928K, used 8830K [0x0000000081800000, 0x0000000085380000, 0x00000000d5d80000)
  object space 60928K, 14% used [0x0000000081800000,0x000000008209f878,0x0000000085380000)
 Metaspace       used 21922K, capacity 22730K, committed 22912K, reserved 1069056K
  class space    used 2855K, capacity 3074K, committed 3200K, reserved 1048576K
Event: 1.480 GC heap after
Heap after GC invocations=7 (full 1):
 PSYoungGen      total 67072K, used 2995K [0x00000000d5d80000, 0x00000000dd300000, 0x0000000100000000)
  eden space 61952K, 0% used [0x00000000d5d80000,0x00000000d5d80000,0x00000000d9a00000)
  from space 5120K, 58% used [0x00000000da380000,0x00000000da66cd80,0x00000000da880000)
  to   space 9728K, 0% used [0x00000000d9a00000,0x00000000d9a00000,0x00000000da380000)
 ParOldGen       total 60928K, used 8838K [0x0000000081800000, 0x0000000085380000, 0x00000000d5d80000)
  object space 60928K, 14% used [0x0000000081800000,0x00000000820a1878,0x0000000085380000)
 Metaspace       used 21922K, capacity 22730K, committed 22912K, reserved 1069056K
  class space    used 2855K, capacity 3074K, committed 3200K, reserved 1048576K
}

